[4888:3704:0324/091040.896:ERROR:gpu_process_transport_factory.cc(1019)] Lost UI shared context.
[4888:3704:0324/091043.448:INFO:CONSOLE(1)] "'webkitURL' is deprecated. Please use 'URL' instead.", source:  (1)
[4888:3704:0324/091044.602:WARNING:render_frame_host_impl.cc(2750)] OnDidStopLoading was called twice.
[4888:3704:0324/091044.894:INFO:CONSOLE(324)] "A parser-blocking, cross site (i.e. different eTLD+1) script, https://ssl.google-analytics.com/ga.js?version=20180323211947, is invoked via document.write. The network request for this script MAY be blocked by the browser in this or a future page load due to poor network connectivity. If blocked in this page load, it will be confirmed in a subsequent console message. See https://www.chromestatus.com/feature/5718547946799104 for more details.", source: https://www.coursehero.com/login/ (324)
[4888:3704:0324/091044.896:INFO:CONSOLE(324)] "A parser-blocking, cross site (i.e. different eTLD+1) script, https://ssl.google-analytics.com/ga.js?version=20180323211947, is invoked via document.write. The network request for this script MAY be blocked by the browser in this or a future page load due to poor network connectivity. If blocked in this page load, it will be confirmed in a subsequent console message. See https://www.chromestatus.com/feature/5718547946799104 for more details.", source: https://www.coursehero.com/login/ (324)
[4888:3704:0324/091045.086:INFO:CONSOLE(3)] "Work with us!", source: https://www.coursehero.com/min/?f=/assets/js/ux/tag-recording.service.js,/assets/js/workForUs.js&version=20180323211947 (3)
[4888:3704:0324/091045.089:INFO:CONSOLE(3)] "%cCourse Hero%c is hiring.", source: https://www.coursehero.com/min/?f=/assets/js/ux/tag-recording.service.js,/assets/js/workForUs.js&version=20180323211947 (3)
[4888:3704:0324/091045.089:INFO:CONSOLE(3)] "%c Go to%c https://www.coursehero.com/jobs/%c to apply!", source: https://www.coursehero.com/min/?f=/assets/js/ux/tag-recording.service.js,/assets/js/workForUs.js&version=20180323211947 (3)
[4888:3704:0324/091045.089:INFO:CONSOLE(3)] "console.groupEnd", source: https://www.coursehero.com/min/?f=/assets/js/ux/tag-recording.service.js,/assets/js/workForUs.js&version=20180323211947 (3)
[4888:3704:0324/091045.345:WARNING:render_frame_host_impl.cc(2750)] OnDidStopLoading was called twice.
[4888:3704:0324/091046.712:INFO:CONSOLE(324)] "A parser-blocking, cross site (i.e. different eTLD+1) script, https://ssl.google-analytics.com/ga.js?version=20180323211947, is invoked via document.write. The network request for this script MAY be blocked by the browser in this or a future page load due to poor network connectivity. If blocked in this page load, it will be confirmed in a subsequent console message. See https://www.chromestatus.com/feature/5718547946799104 for more details.", source: https://www.coursehero.com/login/ (324)
[4888:3704:0324/091046.713:INFO:CONSOLE(324)] "A parser-blocking, cross site (i.e. different eTLD+1) script, https://ssl.google-analytics.com/ga.js?version=20180323211947, is invoked via document.write. The network request for this script MAY be blocked by the browser in this or a future page load due to poor network connectivity. If blocked in this page load, it will be confirmed in a subsequent console message. See https://www.chromestatus.com/feature/5718547946799104 for more details.", source: https://www.coursehero.com/login/ (324)
[4888:3704:0324/091046.819:INFO:CONSOLE(3)] "Work with us!", source: https://www.coursehero.com/min/?f=/assets/js/ux/tag-recording.service.js,/assets/js/workForUs.js&version=20180323211947 (3)
[4888:3704:0324/091046.820:INFO:CONSOLE(3)] "%cCourse Hero%c is hiring.", source: https://www.coursehero.com/min/?f=/assets/js/ux/tag-recording.service.js,/assets/js/workForUs.js&version=20180323211947 (3)
[4888:3704:0324/091046.820:INFO:CONSOLE(3)] "%c Go to%c https://www.coursehero.com/jobs/%c to apply!", source: https://www.coursehero.com/min/?f=/assets/js/ux/tag-recording.service.js,/assets/js/workForUs.js&version=20180323211947 (3)
[4888:3704:0324/091046.822:INFO:CONSOLE(3)] "console.groupEnd", source: https://www.coursehero.com/min/?f=/assets/js/ux/tag-recording.service.js,/assets/js/workForUs.js&version=20180323211947 (3)
[4888:3704:0324/091047.124:WARNING:render_frame_host_impl.cc(2750)] OnDidStopLoading was called twice.
[4888:3704:0324/091047.128:WARNING:render_frame_host_impl.cc(2750)] OnDidStopLoading was called twice.
[4888:3704:0324/091054.924:INFO:chrome_cryptauth_service.cc(231)] Profile is not authenticated yet; waiting before starting CryptAuth managers.
[4888:4948:0324/091054.959:ERROR:connection.cc(1945)] Cookie sqlite error 1555, errno 0: UNIQUE constraint failed: cookies.creation_utc, sql: INSERT INTO cookies (creation_utc, host_key, name, value, encrypted_value, path, expires_utc, secure, httponly, firstpartyonly, last_access_utc, has_expires, persistent, priority) VALUES (?,?,?,?,?,?,?,?,?,?,?,?,?,?)
[4888:4948:0324/091054.967:ERROR:connection.cc(1945)] Cookie sqlite error 1555, errno 0: UNIQUE constraint failed: cookies.creation_utc, sql: INSERT INTO cookies (creation_utc, host_key, name, value, encrypted_value, path, expires_utc, secure, httponly, firstpartyonly, last_access_utc, has_expires, persistent, priority) VALUES (?,?,?,?,?,?,?,?,?,?,?,?,?,?)
[4888:4948:0324/091054.985:ERROR:connection.cc(1945)] Cookie sqlite error 1555, errno 0: UNIQUE constraint failed: cookies.creation_utc, sql: INSERT INTO cookies (creation_utc, host_key, name, value, encrypted_value, path, expires_utc, secure, httponly, firstpartyonly, last_access_utc, has_expires, persistent, priority) VALUES (?,?,?,?,?,?,?,?,?,?,?,?,?,?)
[4888:4948:0324/091054.999:ERROR:connection.cc(1945)] Cookie sqlite error 1555, errno 0: UNIQUE constraint failed: cookies.creation_utc, sql: INSERT INTO cookies (creation_utc, host_key, name, value, encrypted_value, path, expires_utc, secure, httponly, firstpartyonly, last_access_utc, has_expires, persistent, priority) VALUES (?,?,?,?,?,?,?,?,?,?,?,?,?,?)
[4888:4948:0324/091055.001:ERROR:connection.cc(1945)] Cookie sqlite error 1555, errno 0: UNIQUE constraint failed: cookies.creation_utc, sql: INSERT INTO cookies (creation_utc, host_key, name, value, encrypted_value, path, expires_utc, secure, httponly, firstpartyonly, last_access_utc, has_expires, persistent, priority) VALUES (?,?,?,?,?,?,?,?,?,?,?,?,?,?)
